
## 虚数の二乗

```math
\begin{align}
i_{2}^2&=-1 \\
i_{3}^2&=-1 \\
i_{4}^2&=1 \\
i_{5}^2&=1 \\
i_{6}^2&=-1 \\
i_{7}^2&=-1 \\
i_{8}^2&=1 \\
i_{9}^2&=1 \\
i_{10}^2&=-1 \\
\end{align}
```

## 2次元

```math
\begin{align}
\star(1)&=\vec{e_1}∧\vec{e_2} \\
\star(\vec{e_1})&=\vec{e_2} \\
\star(\vec{e_2})&=-\vec{e_1} \\
\star(\vec{e_1}∧\vec{e_2})&=1 \\
\end{align}
```

## 3次元

```math
\begin{align}
\star(1)&=\vec{e_1}∧\vec{e_2}∧\vec{e_3} \\
\star(\vec{e_1})&=\vec{e_2}∧\vec{e_3} \\
\star(\vec{e_2})&=-\vec{e_1}∧\vec{e_3} \\
\star(\vec{e_3})&=\vec{e_1}∧\vec{e_2} \\
\star(\vec{e_1}∧\vec{e_2})&=\vec{e_3} \\
\star(\vec{e_1}∧\vec{e_3})&=-\vec{e_2} \\
\star(\vec{e_2}∧\vec{e_3})&=\vec{e_1} \\
\star(\vec{e_1}∧\vec{e_2}∧\vec{e_3})&=1 \\
\end{align}
```

## 4次元

```math
\begin{align}
\star(1)&=\vec{e_1}∧\vec{e_2}∧\vec{e_3}∧\vec{e_4} \\
\star(\vec{e_1})&=\vec{e_2}∧\vec{e_3}∧\vec{e_4} \\
\star(\vec{e_2})&=-\vec{e_1}∧\vec{e_3}∧\vec{e_4} \\
\star(\vec{e_3})&=\vec{e_1}∧\vec{e_2}∧\vec{e_4} \\
\star(\vec{e_4})&=-\vec{e_1}∧\vec{e_2}∧\vec{e_3} \\
\star(\vec{e_1}∧\vec{e_2})&=\vec{e_3}∧\vec{e_4} \\
\star(\vec{e_1}∧\vec{e_3})&=-\vec{e_2}∧\vec{e_4} \\
\star(\vec{e_1}∧\vec{e_4})&=\vec{e_2}∧\vec{e_3} \\
\star(\vec{e_2}∧\vec{e_3})&=\vec{e_1}∧\vec{e_4} \\
\star(\vec{e_2}∧\vec{e_4})&=-\vec{e_1}∧\vec{e_3} \\
\star(\vec{e_3}∧\vec{e_4})&=\vec{e_1}∧\vec{e_2} \\
\star(\vec{e_1}∧\vec{e_2}∧\vec{e_3})&=\vec{e_4} \\
\star(\vec{e_1}∧\vec{e_2}∧\vec{e_4})&=-\vec{e_3} \\
\star(\vec{e_1}∧\vec{e_3}∧\vec{e_4})&=\vec{e_2} \\
\star(\vec{e_2}∧\vec{e_3}∧\vec{e_4})&=-\vec{e_1} \\
\star(\vec{e_1}∧\vec{e_2}∧\vec{e_3}∧\vec{e_4})&=1 \\
\end{align}
```

## 2次元

```math
\begin{align}
&\vec{a}∧\star\vec{b} \\
&=(a_1\vec{e_1}+a_2\vec{e_2})∧\star(b_1\vec{e_1}+b_2\vec{e_2}) \\
&=(a_1\vec{e_1}+a_2\vec{e_2})∧\{b_1\vec{e_2}+b_2(-\vec{e_1})\} \\
&=a_1\vec{e_1}∧\{b_1\vec{e_2}+b_2(-\vec{e_1})\} \\
&\quad +a_2\vec{e_2}∧\{b_1\vec{e_2}+b_2(-\vec{e_1})\} \\
&=a_1b_1\vec{e_1}∧\vec{e_2}+a_1b_2\underbrace{\vec{e_1}∧(-\vec{e_1})}_{0} \\
&\quad +a_2b_1\underbrace{\vec{e_2}∧\vec{e_2}}_{0}+a_2b_2\underbrace{\vec{e_2}∧(-\vec{e_1})}_{\vec{e_1}∧\vec{e_2}} \\
&=(a_1b_1+a_2b_2)\vec{e_1}∧\vec{e_2} \\
&=\star(a_1b_1+a_2b_2) \\
&=\star(\vec{a}\cdot\vec{b})
\end{align}
```

## 3次元

```math
\begin{align}
&\vec{a}∧\star\vec{b} \\
&=(a_1\vec{e_1}+a_2\vec{e_2}+a_3\vec{e_3})∧\star(b_1\vec{e_1}+b_2\vec{e_2}+b_3\vec{e_3}) \\
&=(a_1\vec{e_1}+a_2\vec{e_2}+a_3\vec{e_3})∧\{b_1\vec{e_2}∧\vec{e_3}+b_2(-\vec{e_1}∧\vec{e_3})+b_3\vec{e_1}∧\vec{e_2}\} \\
&=a_1\vec{e_1}∧\{b_1\vec{e_2}∧\vec{e_3}+b_2(-\vec{e_1}∧\vec{e_3})+b_3\vec{e_1}∧\vec{e_2}\} \\
&\quad +a_2\vec{e_2}∧\{b_1\vec{e_2}∧\vec{e_3}+b_2(-\vec{e_1}∧\vec{e_3})+b_3\vec{e_1}∧\vec{e_2}\} \\
&\quad +a_3\vec{e_3}∧\{b_1\vec{e_2}∧\vec{e_3}+b_2(-\vec{e_1}∧\vec{e_3})+b_3\vec{e_1}∧\vec{e_2}\} \\
&=a_1b_1\vec{e_1}∧\vec{e_2}∧\vec{e_3}+a_1b_2\underbrace{\vec{e_1}∧(-\vec{e_1}∧\vec{e_3})}_{0}+a_1b_3\underbrace{\vec{e_1}∧\vec{e_1}∧\vec{e_2}}_{0} \\
&\quad +a_2b_1\underbrace{\vec{e_2}∧\vec{e_2}∧\vec{e_3}}_{0}+a_2b_2\underbrace{\vec{e_2}∧(-\vec{e_1}∧\vec{e_3})}_{\vec{e_1}∧\vec{e_2}∧\vec{e_3}}+a_2b_3\underbrace{\vec{e_2}∧\vec{e_1}∧\vec{e_2}}_{0} \\
&\quad +a_3b_1\underbrace{\vec{e_3}∧\vec{e_2}∧\vec{e_3}}_{0}+a_3b_2\underbrace{\vec{e_3}∧(-\vec{e_1}∧\vec{e_3})}_{0}+a_3b_3\underbrace{\vec{e_3}∧\vec{e_1}∧\vec{e_2}}_{\vec{e_1}∧\vec{e_2}∧\vec{e_3}} \\
&=(a_1b_1+a_2b_2+a_3b_3)\vec{e_1}∧\vec{e_2}∧\vec{e_3} \\
&=\star(a_1b_1+a_2b_2+a_3b_3) \\
&=\star(\vec{a}\cdot\vec{b})
\end{align}
```

## 4次元

```math
\begin{align}
&\vec{a}∧\star\vec{b} \\
&=(a_1\vec{e_1}+a_2\vec{e_2}+a_3\vec{e_3}+a_4\vec{e_4})∧\star(b_1\vec{e_1}+b_2\vec{e_2}+b_3\vec{e_3}+b_4\vec{e_4}) \\
&=(a_1\vec{e_1}+a_2\vec{e_2}+a_3\vec{e_3}+a_4\vec{e_4})∧\{b_1\vec{e_2}∧\vec{e_3}∧\vec{e_4}+b_2(-\vec{e_1}∧\vec{e_3}∧\vec{e_4})+b_3\vec{e_1}∧\vec{e_2}∧\vec{e_4}+b_4(-\vec{e_1}∧\vec{e_2}∧\vec{e_3})\} \\
&=a_1\vec{e_1}∧\{b_1\vec{e_2}∧\vec{e_3}∧\vec{e_4}+b_2(-\vec{e_1}∧\vec{e_3}∧\vec{e_4})+b_3\vec{e_1}∧\vec{e_2}∧\vec{e_4}+b_4(-\vec{e_1}∧\vec{e_2}∧\vec{e_3})\} \\
&\quad +a_2\vec{e_2}∧\{b_1\vec{e_2}∧\vec{e_3}∧\vec{e_4}+b_2(-\vec{e_1}∧\vec{e_3}∧\vec{e_4})+b_3\vec{e_1}∧\vec{e_2}∧\vec{e_4}+b_4(-\vec{e_1}∧\vec{e_2}∧\vec{e_3})\} \\
&\quad +a_3\vec{e_3}∧\{b_1\vec{e_2}∧\vec{e_3}∧\vec{e_4}+b_2(-\vec{e_1}∧\vec{e_3}∧\vec{e_4})+b_3\vec{e_1}∧\vec{e_2}∧\vec{e_4}+b_4(-\vec{e_1}∧\vec{e_2}∧\vec{e_3})\} \\
&\quad +a_4\vec{e_4}∧\{b_1\vec{e_2}∧\vec{e_3}∧\vec{e_4}+b_2(-\vec{e_1}∧\vec{e_3}∧\vec{e_4})+b_3\vec{e_1}∧\vec{e_2}∧\vec{e_4}+b_4(-\vec{e_1}∧\vec{e_2}∧\vec{e_3})\} \\
&=a_1b_1\vec{e_1}∧\vec{e_2}∧\vec{e_3}∧\vec{e_4}+a_1b_2\underbrace{\vec{e_1}∧(-\vec{e_1}∧\vec{e_3}∧\vec{e_4})}_{0}+a_1b_3\underbrace{\vec{e_1}∧\vec{e_1}∧\vec{e_2}∧\vec{e_4}}_{0}+a_1b_4\underbrace{\vec{e_1}∧(-\vec{e_1}∧\vec{e_2}∧\vec{e_3})}_{0} \\
&\quad +a_2b_1\underbrace{\vec{e_2}∧\vec{e_2}∧\vec{e_3}∧\vec{e_4}}_{0}+a_2b_2\underbrace{\vec{e_2}∧(-\vec{e_1}∧\vec{e_3}∧\vec{e_4})}_{\vec{e_1}∧\vec{e_2}∧\vec{e_3}∧\vec{e_4}}+a_2b_3\underbrace{\vec{e_2}∧\vec{e_1}∧\vec{e_2}∧\vec{e_4}}_{0}+a_2b_4\underbrace{\vec{e_2}∧(-\vec{e_1}∧\vec{e_2}∧\vec{e_3})}_{0} \\
&\quad +a_3b_1\underbrace{\vec{e_3}∧\vec{e_2}∧\vec{e_3}∧\vec{e_4}}_{0}+a_3b_2\underbrace{\vec{e_3}∧(-\vec{e_1}∧\vec{e_3}∧\vec{e_4})}_{0}+a_3b_3\underbrace{\vec{e_3}∧\vec{e_1}∧\vec{e_2}∧\vec{e_4}}_{\vec{e_1}∧\vec{e_2}∧\vec{e_3}∧\vec{e_4}}+a_3b_4\underbrace{\vec{e_3}∧(-\vec{e_1}∧\vec{e_2}∧\vec{e_3})}_{0} \\
&\quad +a_4b_1\underbrace{\vec{e_4}∧\vec{e_2}∧\vec{e_3}∧\vec{e_4}}_{0}+a_4b_2\underbrace{\vec{e_4}∧(-\vec{e_1}∧\vec{e_3}∧\vec{e_4})}_{0}+a_4b_3\underbrace{\vec{e_4}∧\vec{e_1}∧\vec{e_2}∧\vec{e_4}}_{0}+a_4b_4\underbrace{\vec{e_4}∧(-\vec{e_1}∧\vec{e_2}∧\vec{e_3})}_{\vec{e_1}∧\vec{e_2}∧\vec{e_3}∧\vec{e_4}} \\
&=(a_1b_1+a_2b_2+a_3b_3+a_4b_4)\vec{e_1}∧\vec{e_2}∧\vec{e_3}∧\vec{e_4} \\
&=\star(a_1b_1+a_2b_2+a_3b_3+a_4b_4) \\
&=\star(\vec{a}\cdot\vec{b})
\end{align}
```
